This is XeTeX, Version 3.14159265-2.6-0.99998 (TeX Live 2017) (preloaded format=xelatex 2017.9.23)  8 OCT 2017 12:31
entering extended mode
 restricted \write18 enabled.
 %&-line parsing enabled.
**report.tex
(./report.tex
LaTeX2e <2017-04-15>
Babel <3.10> and hyphenation patterns for 84 language(s) loaded.
(/usr/local/texlive/2017/texmf-dist/tex/latex/base/article.cls
Document Class: article 2014/09/29 v1.4h Standard LaTeX document class
(/usr/local/texlive/2017/texmf-dist/tex/latex/base/size10.clo
File: size10.clo 2014/09/29 v1.4h Standard LaTeX file (size option)
)
\c@part=\count79
\c@section=\count80
\c@subsection=\count81
\c@subsubsection=\count82
\c@paragraph=\count83
\c@subparagraph=\count84
\c@figure=\count85
\c@table=\count86
\abovecaptionskip=\skip41
\belowcaptionskip=\skip42
\bibindent=\dimen102
)
(/usr/local/texlive/2017/texmf-dist/tex/latex/geometry/geometry.sty
Package: geometry 2010/09/12 v5.6 Page Geometry

(/usr/local/texlive/2017/texmf-dist/tex/latex/graphics/keyval.sty
Package: keyval 2014/10/28 v1.15 key=value parser (DPC)
\KV@toks@=\toks14
)
(/usr/local/texlive/2017/texmf-dist/tex/generic/oberdiek/ifpdf.sty
Package: ifpdf 2017/03/15 v3.2 Provides the ifpdf switch
)
(/usr/local/texlive/2017/texmf-dist/tex/generic/oberdiek/ifvtex.sty
Package: ifvtex 2016/05/16 v1.6 Detect VTeX and its facilities (HO)
Package ifvtex Info: VTeX not detected.
)
(/usr/local/texlive/2017/texmf-dist/tex/generic/ifxetex/ifxetex.sty
Package: ifxetex 2010/09/12 v0.6 Provides ifxetex conditional
)
\Gm@cnth=\count87
\Gm@cntv=\count88
\c@Gm@tempcnt=\count89
\Gm@bindingoffset=\dimen103
\Gm@wd@mp=\dimen104
\Gm@odd@mp=\dimen105
\Gm@even@mp=\dimen106
\Gm@layoutwidth=\dimen107
\Gm@layoutheight=\dimen108
\Gm@layouthoffset=\dimen109
\Gm@layoutvoffset=\dimen110
\Gm@dimlist=\toks15
)
(/usr/local/texlive/2017/texmf-dist/tex/latex/amsmath/amsmath.sty
Package: amsmath 2016/11/05 v2.16a AMS math features
\@mathmargin=\skip43

For additional information on amsmath, use the `?' option.
(/usr/local/texlive/2017/texmf-dist/tex/latex/amsmath/amstext.sty
Package: amstext 2000/06/29 v2.01 AMS text

(/usr/local/texlive/2017/texmf-dist/tex/latex/amsmath/amsgen.sty
File: amsgen.sty 1999/11/30 v2.0 generic functions
\@emptytoks=\toks16
\ex@=\dimen111
))
(/usr/local/texlive/2017/texmf-dist/tex/latex/amsmath/amsbsy.sty
Package: amsbsy 1999/11/29 v1.2d Bold Symbols
\pmbraise@=\dimen112
)
(/usr/local/texlive/2017/texmf-dist/tex/latex/amsmath/amsopn.sty
Package: amsopn 2016/03/08 v2.02 operator names
)
\inf@bad=\count90
LaTeX Info: Redefining \frac on input line 213.
\uproot@=\count91
\leftroot@=\count92
LaTeX Info: Redefining \overline on input line 375.
\classnum@=\count93
\DOTSCASE@=\count94
LaTeX Info: Redefining \ldots on input line 472.
LaTeX Info: Redefining \dots on input line 475.
LaTeX Info: Redefining \cdots on input line 596.
\Mathstrutbox@=\box26
\strutbox@=\box27
\big@size=\dimen113
LaTeX Font Info:    Redeclaring font encoding OML on input line 712.
LaTeX Font Info:    Redeclaring font encoding OMS on input line 713.
\macc@depth=\count95
\c@MaxMatrixCols=\count96
\dotsspace@=\muskip10
\c@parentequation=\count97
\dspbrk@lvl=\count98
\tag@help=\toks17
\row@=\count99
\column@=\count100
\maxfields@=\count101
\andhelp@=\toks18
\eqnshift@=\dimen114
\alignsep@=\dimen115
\tagshift@=\dimen116
\tagwidth@=\dimen117
\totwidth@=\dimen118
\lineht@=\dimen119
\@envbody=\toks19
\multlinegap=\skip44
\multlinetaggap=\skip45
\mathdisplay@stack=\toks20
LaTeX Info: Redefining \[ on input line 2817.
LaTeX Info: Redefining \] on input line 2818.
)
(/usr/local/texlive/2017/texmf-dist/tex/latex/graphics/graphicx.sty
Package: graphicx 2014/10/28 v1.0g Enhanced LaTeX Graphics (DPC,SPQR)

(/usr/local/texlive/2017/texmf-dist/tex/latex/graphics/graphics.sty
Package: graphics 2017/04/14 v1.1b Standard LaTeX Graphics (DPC,SPQR)

(/usr/local/texlive/2017/texmf-dist/tex/latex/graphics/trig.sty
Package: trig 2016/01/03 v1.10 sin cos tan (DPC)
)
(/usr/local/texlive/2017/texmf-dist/tex/latex/graphics-cfg/graphics.cfg
File: graphics.cfg 2016/06/04 v1.11 sample graphics configuration
)
Package graphics Info: Driver file: xetex.def on input line 99.

(/usr/local/texlive/2017/texmf-dist/tex/latex/graphics-def/xetex.def
File: xetex.def 2016/07/11 v4.10 LaTeX color/graphics driver for XeTeX (L3/RRM/
JK)
))
\Gin@req@height=\dimen120
\Gin@req@width=\dimen121
)
(/usr/local/texlive/2017/texmf-dist/tex/latex/subfigure/subfigure.sty
Package: subfigure 2002/03/15 v2.1.5 subfigure package
\subfigtopskip=\skip46
\subfigcapskip=\skip47
\subfigcaptopadj=\dimen122
\subfigbottomskip=\skip48
\subfigcapmargin=\dimen123
\subfiglabelskip=\skip49
\c@subfigure=\count102
\c@lofdepth=\count103
\c@subtable=\count104
\c@lotdepth=\count105

****************************************
* Local config file subfigure.cfg used *
****************************************
(/usr/local/texlive/2017/texmf-dist/tex/latex/subfigure/subfigure.cfg)
\subfig@top=\skip50
\subfig@bottom=\skip51
)
(/usr/local/texlive/2017/texmf-dist/tex/latex/tools/indentfirst.sty
Package: indentfirst 1995/11/23 v1.03 Indent first paragraph (DPC)
)
(/usr/local/texlive/2017/texmf-dist/tex/latex/tools/bm.sty
Package: bm 2017/01/16 v1.2c Bold Symbol Support (DPC/FMi)
\symboldoperators=\mathgroup4
\symboldletters=\mathgroup5
\symboldsymbols=\mathgroup6
LaTeX Font Info:    Redeclaring math alphabet \mathbf on input line 141.
LaTeX Info: Redefining \bm on input line 207.
) (./report.aux)
\openout1 = `report.aux'.

LaTeX Font Info:    Checking defaults for OML/cmm/m/it on input line 11.
LaTeX Font Info:    ... okay on input line 11.
LaTeX Font Info:    Checking defaults for T1/cmr/m/n on input line 11.
LaTeX Font Info:    ... okay on input line 11.
LaTeX Font Info:    Checking defaults for OT1/cmr/m/n on input line 11.
LaTeX Font Info:    ... okay on input line 11.
LaTeX Font Info:    Checking defaults for OMS/cmsy/m/n on input line 11.
LaTeX Font Info:    ... okay on input line 11.
LaTeX Font Info:    Checking defaults for TU/lmr/m/n on input line 11.
LaTeX Font Info:    ... okay on input line 11.
LaTeX Font Info:    Checking defaults for OMX/cmex/m/n on input line 11.
LaTeX Font Info:    ... okay on input line 11.
LaTeX Font Info:    Checking defaults for U/cmr/m/n on input line 11.
LaTeX Font Info:    ... okay on input line 11.

*geometry* driver: auto-detecting
*geometry* detected driver: xetex
*geometry* verbose mode - [ preamble ] result:
* driver: xetex
* paper: a4paper
* layout: <same size as paper>
* layoutoffset:(h,v)=(0.0pt,0.0pt)
* modes: 
* h-part:(L,W,R)=(72.26999pt, 452.9679pt, 72.26999pt)
* v-part:(T,H,B)=(72.26999pt, 700.50687pt, 72.26999pt)
* \paperwidth=597.50787pt
* \paperheight=845.04684pt
* \textwidth=452.9679pt
* \textheight=700.50687pt
* \oddsidemargin=0.0pt
* \evensidemargin=0.0pt
* \topmargin=-37.0pt
* \headheight=12.0pt
* \headsep=25.0pt
* \topskip=10.0pt
* \footskip=30.0pt
* \marginparwidth=57.0pt
* \marginparsep=11.0pt
* \columnsep=10.0pt
* \skip\footins=9.0pt plus 4.0pt minus 2.0pt
* \hoffset=0.0pt
* \voffset=0.0pt
* \mag=1000
* \@twocolumnfalse
* \@twosidefalse
* \@mparswitchfalse
* \@reversemarginfalse
* (1in=72.27pt=25.4mm, 1cm=28.453pt)


Underfull \hbox (badness 10000) in paragraph at lines 18--21

 []


Underfull \hbox (badness 10000) in paragraph at lines 39--44

 []


Underfull \hbox (badness 10000) in paragraph at lines 54--55

 []

[1

]
File: Task_b/LSE.eps Graphic file (type eps)
 <Task_b/LSE.eps>
File: Task_b/Rob.eps Graphic file (type eps)
 <Task_b/Rob.eps>
File: Task_b/Rgl.eps Graphic file (type eps)
 <Task_b/Rgl.eps>
File: Task_b/BayesRegression.eps Graphic file (type eps)

<Task_b/BayesRegression.eps>
File: Task_b/Las.eps Graphic file (type eps)
 <Task_b/Las.eps>
File: 6/6_LSE.eps Graphic file (type eps)
 <6/6_LSE.eps>
File: 6/6_Rob.eps Graphic file (type eps)
 <6/6_Rob.eps>
File: 6/6_Rgl.eps Graphic file (type eps)

<6/6_Rgl.eps>
File: 6/6_BayesRegression.eps Graphic file (type eps)
 <6/6_BayesRegression.eps>
File: 6/6_Las.eps Graphic file (type eps)
 <6/6_Las.eps>
File: 10/10_LSE.eps Graphic file (type eps)
 <10/10_LSE.eps>
File: 10/10_Rob.eps Graphic file (type eps)

<10/10_Rob.eps>
File: 10/10_Rgl.eps Graphic file (type eps)
 <10/10_Rgl.eps>
File: 10/10_BayesRegression.eps Graphic file (type eps)
 <10/10_BayesRegression.eps>
File: 10/10_Las.eps Graphic file (type eps)
 <10/10_Las.eps>
File: 20/20_LSE.eps Graphic file (type eps)

<20/20_LSE.eps>
File: 20/20_Rob.eps Graphic file (type eps)
 <20/20_Rob.eps>
File: 20/20_Rgl.eps Graphic file (type eps)
 <20/20_Rgl.eps>
File: 20/20_BayesRegression.eps Graphic file (type eps)
 <20/20_BayesRegression.eps>
File: 20/20_Las.eps Graphic file (type eps)

<20/20_Las.eps>
File: 30/30_LSE.eps Graphic file (type eps)
 <30/30_LSE.eps>
File: 30/30_Rob.eps Graphic file (type eps)
 <30/30_Rob.eps>
File: 30/30_Rgl.eps Graphic file (type eps)
 <30/30_Rgl.eps>
File: 30/30_BayesRegression.eps Graphic file (type eps)

<30/30_BayesRegression.eps>
File: 30/30_Las.eps Graphic file (type eps)
 <30/30_Las.eps>
File: Ave/LSE.eps Graphic file (type eps)
 <Ave/LSE.eps>
File: Ave/Robust.eps Graphic file (type eps)
 <Ave/Robust.eps>
File: Ave/Rgl.eps Graphic file (type eps)

<Ave/Rgl.eps>
File: Ave/Bayes.eps Graphic file (type eps)
 <Ave/Bayes.eps>
File: Ave/Lasso.eps Graphic file (type eps)
 <Ave/Lasso.eps>
Underfull \hbox (badness 10000) in paragraph at lines 83--136

 []


LaTeX Warning: `h' float specifier changed to `ht'.


LaTeX Warning: `h' float specifier changed to `ht'.


LaTeX Warning: `h' float specifier changed to `ht'.


LaTeX Warning: `h' float specifier changed to `ht'.


LaTeX Warning: `h' float specifier changed to `ht'.

[2] [3] [4]
File: Task_d/LSE.eps Graphic file (type eps)
 <Task_d/LSE.eps>
File: Task_d/Rob.eps Graphic file (type eps)
 <Task_d/Rob.eps>
File: Task_d/Rgl.eps Graphic file (type eps)
 <Task_d/Rgl.eps>
File: Task_d/BayesRegression.eps Graphic file (type eps)

<Task_d/BayesRegression.eps>
File: Task_d/Las.eps Graphic file (type eps)
 <Task_d/Las.eps>
Underfull \hbox (badness 10000) in paragraph at lines 138--151

 []

[5

]
File: Task_e/LSE.eps Graphic file (type eps)
 <Task_e/LSE.eps>
File: Task_e/Rob.eps Graphic file (type eps)
 <Task_e/Rob.eps>
File: Task_e/Rgl.eps Graphic file (type eps)
 <Task_e/Rgl.eps>
File: Task_e/BayesRegression.eps Graphic file (type eps)

<Task_e/BayesRegression.eps>
File: Task_e/Las.eps Graphic file (type eps)
 <Task_e/Las.eps>
File: Counting1/LSE.eps Graphic file (type eps)
 <Counting1/LSE.eps>
File: Counting1/Rob.eps Graphic file (type eps)

<Counting1/Rob.eps>
File: Counting1/Rgl.eps Graphic file (type eps)
 <Counting1/Rgl.eps>
File: Counting1/BayesRegression.eps Graphic file (type eps)
 <Counting1/BayesRegression.eps>
File: Counting1/Las.eps Graphic file (type eps)

<Counting1/Las.eps>
File: Counting2_1/LSE.eps Graphic file (type eps)
 <Counting2_1/LSE.eps>
File: Counting2_1/Rob.eps Graphic file (type eps)
 <Counting2_1/Rob.eps>
File: Counting2_1/Rgl.eps Graphic file (type eps)

<Counting2_1/Rgl.eps>
File: Counting2_1/BayesRegression.eps Graphic file (type eps)
 <Counting2_1/BayesRegression.eps>
File: Counting2_1/Las.eps Graphic file (type eps)
 <Counting2_1/Las.eps>
[6

]
File: Counting2_2/LSE.eps Graphic file (type eps)
 <Counting2_2/LSE.eps>
File: Counting2_2/Rob.eps Graphic file (type eps)
 <Counting2_2/Rob.eps>
File: Counting2_2/Rgl.eps Graphic file (type eps)
 <Counting2_2/Rgl.eps>
File: Counting2_2/BayesRegression.eps Graphic file (type eps)

<Counting2_2/BayesRegression.eps>
File: Counting2_2/Las.eps Graphic file (type eps)
 <Counting2_2/Las.eps> [7] (./report.aux) ) 
Here is how much of TeX's memory you used:
 2130 strings out of 493005
 27854 string characters out of 6134596
 106587 words of memory out of 5000000
 6041 multiletter control sequences out of 15000+600000
 15160 words of font info for 62 fonts, out of 8000000 for 9000
 1348 hyphenation exceptions out of 8191
 27i,13n,32p,853b,255s stack positions out of 5000i,500n,10000p,200000b,80000s

Output written on report.pdf (7 pages).
